<?xml version="1.0" encoding="UTF-8"?>
<testsuite name="edu.jsu.mcis.ArgumentParserTest" tests="6" skipped="0" failures="0" errors="0" timestamp="2017-03-06T21:57:57" hostname="LAPTOP-NHA48JL9" time="0.062">
  <properties/>
  <testcase name="testTooManyArgs" classname="edu.jsu.mcis.ArgumentParserTest" time="0.015"/>
  <testcase name="testParse" classname="edu.jsu.mcis.ArgumentParserTest" time="0.016"/>
  <testcase name="testAddArgMultArguments" classname="edu.jsu.mcis.ArgumentParserTest" time="0.015"/>
  <testcase name="testArgument" classname="edu.jsu.mcis.ArgumentParserTest" time="0.0"/>
  <testcase name="testTooFewArgs" classname="edu.jsu.mcis.ArgumentParserTest" time="0.016"/>
  <testcase name="testAddArgArgument" classname="edu.jsu.mcis.ArgumentParserTest" time="0.0"/>
  <system-out><![CDATA[edu.jsu.mcis.Argument@4ddc7072
edu.jsu.mcis.Argument@2e6c5419
]]></system-out>
  <system-err><![CDATA[]]></system-err>
</testsuite>
