<?xml version="1.0" encoding="UTF-8"?>
<testsuite name="edu.jsu.mcis.ArgumentParserTest" tests="6" skipped="0" failures="0" errors="0" timestamp="2017-03-08T17:22:43" hostname="DESKTOP-KKQSDBO" time="0.051">
  <properties/>
  <testcase name="testTooManyArgs" classname="edu.jsu.mcis.ArgumentParserTest" time="0.015"/>
  <testcase name="testParse" classname="edu.jsu.mcis.ArgumentParserTest" time="0.001"/>
  <testcase name="testAddArgMultArguments" classname="edu.jsu.mcis.ArgumentParserTest" time="0.007"/>
  <testcase name="testArgument" classname="edu.jsu.mcis.ArgumentParserTest" time="0.003"/>
  <testcase name="testTooFewArgs" classname="edu.jsu.mcis.ArgumentParserTest" time="0.002"/>
  <testcase name="testAddArgArgument" classname="edu.jsu.mcis.ArgumentParserTest" time="0.002"/>
  <system-out><![CDATA[edu.jsu.mcis.Argument@18b6c3b7
edu.jsu.mcis.Argument@14fa75
]]></system-out>
  <system-err><![CDATA[]]></system-err>
</testsuite>
